<?xml version="1.0" encoding="UTF-8"?>
<testng-results ignored="0" total="0" passed="0" failed="0" skipped="0">
  <reporter-output>
  </reporter-output>
  <suite started-at="2024-07-15T19:35:36 PDT" name="Default suite" finished-at="2024-07-15T19:35:43 PDT" duration-ms="7221">
    <groups>
    </groups>
    <test started-at="2024-07-15T19:35:36 PDT" name="Default test" finished-at="2024-07-15T19:35:43 PDT" duration-ms="7221">
      <class name="pageClass.baseClass">
        <test-method is-config="true" signature="lounchBroswer()[pri:0, instance:pageClass.baseClass@3ee37e5a]" started-at="2024-07-15T19:35:36 PDT" name="lounchBroswer" finished-at="2024-07-15T19:35:43 PDT" duration-ms="7180" status="PASS">
          <reporter-output>
          </reporter-output>
        </test-method> <!-- lounchBroswer -->
      </class> <!-- pageClass.baseClass -->
    </test> <!-- Default test -->
  </suite> <!-- Default suite -->
</testng-results>
